<?xml version="1.0" encoding="UTF-8"?>
<!-- Generated by org.testng.reporters.JUnitReportReporter -->
<testsuite hostname="TYSS-Soumya" failures="0" tests="1" name="Selenium.Calender_Popup_Test" time="9.105" errors="0" timestamp="2023-09-13T13:00:49 IST" skipped="0">
  <testcase classname="Selenium.Calender_Popup_Test" name="calenderHandle" time="9.105"/>
  <system-out/>
</testsuite> <!-- Selenium.Calender_Popup_Test -->
