<?xml version="1.0" encoding="UTF-8"?>
<!-- Generated by org.testng.reporters.JUnitReportReporter -->
<testsuite hostname="TYSS-Soumya" failures="0" tests="1" name="Demo.OpenIncognito" time="5.941" errors="0" timestamp="2023-07-11T17:24:12 IST" skipped="0">
  <testcase classname="Demo.OpenIncognito" name="openIncognito" time="5.941"/>
  <system-out/>
</testsuite> <!-- Demo.OpenIncognito -->
